<?xml version="1.0" encoding="UTF-8"?>
<!-- Generated by org.testng.reporters.JUnitXMLReporter -->
<testsuite ignored="0" hostname="DESKTOP-L9O47HF" failures="0" tests="6" name="Test" time="0.224" errors="0" timestamp="2023-08-16T14:20:28 IST">
  <testcase classname="practiceMaven.CreateMOrg" name="createOrg" time="0.018"/>
  <testcase classname="practiceMaven.CreateMOrg" name="createOrgTwo" time="0.004"/>
  <testcase classname="practiceMaven.EditMOrg" name="editOrg" time="0.004"/>
  <testcase classname="practiceMaven.ModifyMOrg" name="modifyOrg" time="0.006"/>
  <testcase classname="practiceMaven.LoginMOrg" name="loginOrg" time="0.002"/>
  <testcase classname="practiceMaven.LoginMOrg" name="loginOrgTwo" time="0.003"/>
</testsuite> <!-- Test -->
